[01m[K/home/htootayzaaung/ROS2/workspace/src/test/src/publisher.cpp:6:10:[m[K [01;31m[Kfatal error: [m[Kstd_msgs/msg/String.hpp: No such file or directory
    6 | #include [01;31m[K"std_msgs/msg/String.hpp"[m[K
      |          [01;31m[K^~~~~~~~~~~~~~~~~~~~~~~~~[m[K
compilation terminated.
gmake[2]: *** [CMakeFiles/talker.dir/build.make:76: CMakeFiles/talker.dir/src/publisher.cpp.o] Error 1
gmake[1]: *** [CMakeFiles/Makefile2:137: CMakeFiles/talker.dir/all] Error 2
gmake: *** [Makefile:146: all] Error 2
