[01m[K/home/htootayzaaung/ROS2/workspace/src/test/src/pub_custom.cpp:[m[K In member function â€˜[01m[Kvoid MinimalPublisher::timer_callback()[m[Kâ€™:
[01m[K/home/htootayzaaung/ROS2/workspace/src/test/src/pub_custom.cpp:22:46:[m[K [01;31m[Kerror: [m[Kâ€˜[01m[KString[m[Kâ€™ is not a member of â€˜[01m[Ktutorial_interfaces::msg[m[Kâ€™
   22 |         auto msg = tutorial_interfaces::msg::[01;31m[KString[m[K();
      |                                              [01;31m[K^~~~~~[m[K
gmake[2]: *** [CMakeFiles/talker2.dir/build.make:76: CMakeFiles/talker2.dir/src/pub_custom.cpp.o] Error 1
gmake[1]: *** [CMakeFiles/Makefile2:193: CMakeFiles/talker2.dir/all] Error 2
gmake: *** [Makefile:146: all] Error 2
