[0.025s] Invoking command in '/home/htootayzaaung/ROS2/workspace/build/test': CMAKE_PREFIX_PATH=${CMAKE_PREFIX_PATH}:/opt/ros/humble /usr/bin/cmake --build /home/htootayzaaung/ROS2/workspace/build/test -- -j8 -l8
[0.072s] -- Found ament_cmake: 1.3.4 (/opt/ros/humble/share/ament_cmake/cmake)
[0.291s] -- Found std_msgs: 4.2.3 (/opt/ros/humble/share/std_msgs/cmake)
[0.326s] -- Found rosidl_generator_c: 3.1.4 (/opt/ros/humble/share/rosidl_generator_c/cmake)
[0.330s] -- Found rosidl_adapter: 3.1.4 (/opt/ros/humble/share/rosidl_adapter/cmake)
[0.339s] -- Found rosidl_generator_cpp: 3.1.4 (/opt/ros/humble/share/rosidl_generator_cpp/cmake)
[0.354s] -- Using all available rosidl_typesupport_c: rosidl_typesupport_fastrtps_c;rosidl_typesupport_introspection_c
[0.376s] -- Using all available rosidl_typesupport_cpp: rosidl_typesupport_fastrtps_cpp;rosidl_typesupport_introspection_cpp
[0.460s] -- Found geometry_msgs: 4.2.3 (/opt/ros/humble/share/geometry_msgs/cmake)
[0.524s] -- Found rclcpp: 16.0.4 (/opt/ros/humble/share/rclcpp/cmake)
[0.611s] -- Found rmw_implementation_cmake: 6.1.1 (/opt/ros/humble/share/rmw_implementation_cmake/cmake)
[0.615s] -- Found rmw_fastrtps_cpp: 6.2.2 (/opt/ros/humble/share/rmw_fastrtps_cpp/cmake)
[0.805s] -- Using RMW implementation 'rmw_fastrtps_cpp' as default
[1.005s] -- Found sensor_msgs: 4.2.3 (/opt/ros/humble/share/sensor_msgs/cmake)
[1.128s] -- Found tutorial_interfaces: 0.0.0 (/home/htootayzaaung/ROS2/workspace/install/tutorial_interfaces/share/tutorial_interfaces/cmake)
[1.197s] -- Found ament_lint_auto: 0.12.6 (/opt/ros/humble/share/ament_lint_auto/cmake)
[1.299s] -- Added test 'cppcheck' to perform static code analysis on C / C++ code
[1.299s] -- Configured cppcheck include dirs: 
[1.299s] -- Configured cppcheck exclude dirs and/or files: 
[1.299s] -- Added test 'flake8' to check Python code syntax and style conventions
[1.300s] -- Added test 'lint_cmake' to check CMake code style
[1.301s] -- Added test 'pep257' to check Python code against some of the docstring style conventions in PEP 257
[1.303s] -- Added test 'uncrustify' to check C / C++ code style
[1.303s] -- Configured uncrustify additional arguments: 
[1.303s] -- Added test 'xmllint' to check XML markup files
[1.306s] -- Configuring done
[1.330s] -- Generating done
[1.332s] -- Build files have been written to: /home/htootayzaaung/ROS2/workspace/build/test
[1.364s] [35m[1mConsolidate compiler generated dependencies of target talker[0m
[1.364s] [35m[1mConsolidate compiler generated dependencies of target listener[0m
[1.375s] [ 16%] [32mBuilding CXX object CMakeFiles/talker2.dir/src/pub_custom.cpp.o[0m
[1.396s] [ 66%] Built target talker
[1.396s] [ 83%] Built target listener
[4.987s] [01m[K/home/htootayzaaung/ROS2/workspace/src/test/src/pub_custom.cpp:[m[K In member function â€˜[01m[Kvoid MinimalPublisher::timer_callback()[m[Kâ€™:
[4.987s] [01m[K/home/htootayzaaung/ROS2/workspace/src/test/src/pub_custom.cpp:22:46:[m[K [01;31m[Kerror: [m[Kâ€˜[01m[KString[m[Kâ€™ is not a member of â€˜[01m[Ktutorial_interfaces::msg[m[Kâ€™
[4.987s]    22 |         auto msg = tutorial_interfaces::msg::[01;31m[KString[m[K();
[4.988s]       |                                              [01;31m[K^~~~~~[m[K
[6.122s] gmake[2]: *** [CMakeFiles/talker2.dir/build.make:76: CMakeFiles/talker2.dir/src/pub_custom.cpp.o] Error 1
[6.122s] gmake[1]: *** [CMakeFiles/Makefile2:193: CMakeFiles/talker2.dir/all] Error 2
[6.123s] gmake: *** [Makefile:146: all] Error 2
[6.126s] Invoked command in '/home/htootayzaaung/ROS2/workspace/build/test' returned '2': CMAKE_PREFIX_PATH=${CMAKE_PREFIX_PATH}:/opt/ros/humble /usr/bin/cmake --build /home/htootayzaaung/ROS2/workspace/build/test -- -j8 -l8
