-- Found ament_cmake: 1.3.4 (/opt/ros/humble/share/ament_cmake/cmake)
-- Found rclcpp: 16.0.4 (/opt/ros/humble/share/rclcpp/cmake)
-- Found rosidl_generator_c: 3.1.4 (/opt/ros/humble/share/rosidl_generator_c/cmake)
-- Found rosidl_adapter: 3.1.4 (/opt/ros/humble/share/rosidl_adapter/cmake)
-- Found rosidl_generator_cpp: 3.1.4 (/opt/ros/humble/share/rosidl_generator_cpp/cmake)
-- Using all available rosidl_typesupport_c: rosidl_typesupport_fastrtps_c;rosidl_typesupport_introspection_c
-- Using all available rosidl_typesupport_cpp: rosidl_typesupport_fastrtps_cpp;rosidl_typesupport_introspection_cpp
-- Found rmw_implementation_cmake: 6.1.1 (/opt/ros/humble/share/rmw_implementation_cmake/cmake)
-- Found rmw_fastrtps_cpp: 6.2.2 (/opt/ros/humble/share/rmw_fastrtps_cpp/cmake)
-- Using RMW implementation 'rmw_fastrtps_cpp' as default
-- Found geometry_msgs: 4.2.3 (/opt/ros/humble/share/geometry_msgs/cmake)
-- Found rosidl_default_generators: 1.2.0 (/opt/ros/humble/share/rosidl_default_generators/cmake)
-- Found ament_cmake_ros: 0.10.0 (/opt/ros/humble/share/ament_cmake_ros/cmake)
-- Using all available rosidl_typesupport_c: rosidl_typesupport_fastrtps_c;rosidl_typesupport_introspection_c
-- Using all available rosidl_typesupport_cpp: rosidl_typesupport_fastrtps_cpp;rosidl_typesupport_introspection_cpp
-- Found python_cmake_module: 0.10.0 (/opt/ros/humble/share/python_cmake_module/cmake)
-- Using PYTHON_EXECUTABLE: /usr/bin/python3
-- Using PYTHON_INCLUDE_DIRS: /usr/include/python3.10
-- Using PYTHON_LIBRARIES: /usr/lib/x86_64-linux-gnu/libpython3.10.so
-- Found ament_lint_auto: 0.12.6 (/opt/ros/humble/share/ament_lint_auto/cmake)
-- Added test 'cppcheck' to perform static code analysis on C / C++ code
-- Configured cppcheck include dirs: 
-- Configured cppcheck exclude dirs and/or files: 
-- Added test 'flake8' to check Python code syntax and style conventions
-- Added test 'lint_cmake' to check CMake code style
-- Added test 'pep257' to check Python code against some of the docstring style conventions in PEP 257
-- Added test 'uncrustify' to check C / C++ code style
-- Configured uncrustify additional arguments: 
-- Added test 'xmllint' to check XML markup files
-- Configuring done
-- Generating done
-- Build files have been written to: /home/htootayzaaung/ROS2/workspace/build/client_server
[35m[1mConsolidate compiler generated dependencies of target client_server__rosidl_generator_c[0m
[  2%] [32mBuilding CXX object CMakeFiles/server.dir/src/Server.cpp.o[0m
[  4%] [32mBuilding CXX object CMakeFiles/client.dir/src/Client.cpp.o[0m
[  6%] Built target client_server__cpp
[ 16%] Built target client_server__rosidl_generator_c
[ 16%] Built target ament_cmake_python_copy_client_server
[35m[1mConsolidate compiler generated dependencies of target client_server__rosidl_typesupport_fastrtps_cpp[0m
[35m[1mConsolidate compiler generated dependencies of target client_server__rosidl_typesupport_introspection_cpp[0m
[35m[1mConsolidate compiler generated dependencies of target client_server__rosidl_typesupport_cpp[0m
[35m[1mConsolidate compiler generated dependencies of target client_server__rosidl_typesupport_fastrtps_c[0m
[ 18%] [34m[1mGenerating C type support dispatch for ROS interfaces[0m
[35m[1mConsolidate compiler generated dependencies of target client_server__rosidl_typesupport_introspection_c[0m
[ 27%] Built target client_server__rosidl_typesupport_introspection_cpp
[ 37%] Built target client_server__rosidl_typesupport_fastrtps_cpp
[ 46%] Built target client_server__rosidl_typesupport_fastrtps_c
[ 55%] Built target client_server__rosidl_typesupport_cpp
[ 65%] Built target client_server__rosidl_typesupport_introspection_c
[01m[K/home/htootayzaaung/ROS2/workspace/src/client_server/src/Client.cpp:2:10:[m[K [01;31m[Kfatal error: [m[Kclient_server/srv/add_three_ints.hpp: No such file or directory
    2 | #include [01;31m[K"client_server/srv/add_three_ints.hpp"[m[K                                       // CHANGE
      |          [01;31m[K^~~~~~~~~~~~~~~~~~~~~~~~~~~~~~~~~~~~~~[m[K
compilation terminated.
gmake[2]: *** [CMakeFiles/client.dir/build.make:76: CMakeFiles/client.dir/src/Client.cpp.o] Error 1
gmake[1]: *** [CMakeFiles/Makefile2:620: CMakeFiles/client.dir/all] Error 2
gmake[1]: *** Waiting for unfinished jobs....
[01m[K/home/htootayzaaung/ROS2/workspace/src/client_server/src/Server.cpp:2:10:[m[K [01;31m[Kfatal error: [m[Kclient_server/srv/add_three_ints.hpp: No such file or directory
    2 | #include [01;31m[K"client_server/srv/add_three_ints.hpp"[m[K                                        // CHANGE
      |          [01;31m[K^~~~~~~~~~~~~~~~~~~~~~~~~~~~~~~~~~~~~~[m[K
compilation terminated.
gmake[2]: *** [CMakeFiles/server.dir/build.make:76: CMakeFiles/server.dir/src/Server.cpp.o] Error 1
gmake[1]: *** [CMakeFiles/Makefile2:594: CMakeFiles/server.dir/all] Error 2
[ 67%] [32mBuilding CXX object CMakeFiles/client_server__rosidl_typesupport_c.dir/rosidl_typesupport_c/client_server/msg/num__type_support.cpp.o[0m
[ 69%] [32mBuilding CXX object CMakeFiles/client_server__rosidl_typesupport_c.dir/rosidl_typesupport_c/client_server/srv/add_three_ints__type_support.cpp.o[0m
[ 72%] [32m[1mLinking CXX shared library libclient_server__rosidl_typesupport_c.so[0m
[ 72%] Built target client_server__rosidl_typesupport_c
running egg_info
writing client_server.egg-info/PKG-INFO
writing dependency_links to client_server.egg-info/dependency_links.txt
writing top-level names to client_server.egg-info/top_level.txt
reading manifest file 'client_server.egg-info/SOURCES.txt'
writing manifest file 'client_server.egg-info/SOURCES.txt'
[ 72%] Built target ament_cmake_python_build_client_server_egg
gmake: *** [Makefile:146: all] Error 2
