[0.000000] (-) TimerEvent: {}
[0.001591] (test) JobQueued: {'identifier': 'test', 'dependencies': OrderedDict()}
[0.001672] (test) JobStarted: {'identifier': 'test'}
[0.014773] (test) JobProgress: {'identifier': 'test', 'progress': 'cmake'}
[0.016848] (test) JobProgress: {'identifier': 'test', 'progress': 'build'}
[0.017043] (test) Command: {'cmd': ['/usr/bin/cmake', '--build', '/home/htootayzaaung/ROS2/workspace/build/test', '--', '-j8', '-l8'], 'cwd': '/home/htootayzaaung/ROS2/workspace/build/test', 'env': OrderedDict([('LESSOPEN', '| /usr/bin/lesspipe %s'), ('CONDA_PROMPT_MODIFIER', '(base)'), ('USER', 'htootayzaaung'), ('XDG_SESSION_TYPE', 'wayland'), ('SHLVL', '1'), ('LD_LIBRARY_PATH', '/opt/ros/humble/opt/rviz_ogre_vendor/lib:/opt/ros/humble/lib/x86_64-linux-gnu:/opt/ros/humble/lib'), ('HOME', '/home/htootayzaaung'), ('CONDA_SHLVL', '1'), ('OLDPWD', '/home/htootayzaaung/ROS2/workspace/src/test/src'), ('DESKTOP_SESSION', 'ubuntu'), ('ROS_PYTHON_VERSION', '3'), ('GNOME_SHELL_SESSION_MODE', 'ubuntu'), ('GTK_MODULES', 'gail:atk-bridge:appmenu-gtk-module'), ('SYSTEMD_EXEC_PID', '6017'), ('DBUS_SESSION_BUS_ADDRESS', 'unix:path=/run/user/1000/bus'), ('COLORTERM', 'truecolor'), ('_CE_M', ''), ('IM_CONFIG_PHASE', '1'), ('WAYLAND_DISPLAY', 'wayland-0'), ('COLCON_PREFIX_PATH', '/home/htootayzaaung/ROS2/workspace/install'), ('ROS_DISTRO', 'humble'), ('LOGNAME', 'htootayzaaung'), ('_', '/usr/bin/colcon'), ('ROS_VERSION', '2'), ('XDG_SESSION_CLASS', 'user'), ('USERNAME', 'htootayzaaung'), ('TERM', 'xterm-256color'), ('GNOME_DESKTOP_SESSION_ID', 'this-is-deprecated'), ('_CE_CONDA', ''), ('ROS_LOCALHOST_ONLY', '0'), ('PATH', '/home/htootayzaaung/anaconda3/bin:/home/htootayzaaung/anaconda3/condabin:/home/htootayzaaung/.local/bin:/opt/ros/humble/bin:/home/htootayzaaung/.local/bin:/usr/local/sbin:/usr/local/bin:/usr/sbin:/usr/bin:/sbin:/bin:/usr/games:/usr/local/games:/snap/bin:/snap/bin'), ('SESSION_MANAGER', 'local/MSI:@/tmp/.ICE-unix/1969,unix/MSI:/tmp/.ICE-unix/1969'), ('XDG_MENU_PREFIX', 'gnome-'), ('GNOME_TERMINAL_SCREEN', '/org/gnome/Terminal/screen/1418e5bf_255d_4598_9943_0d47e2308cc6'), ('GNOME_SETUP_DISPLAY', ':1'), ('XDG_RUNTIME_DIR', '/run/user/1000'), ('DISPLAY', ':0'), ('LANG', 'en_US.UTF-8'), ('XDG_CURRENT_DESKTOP', 'ubuntu:GNOME'), ('XMODIFIERS', '@im=ibus'), ('XDG_SESSION_DESKTOP', 'ubuntu'), ('XAUTHORITY', '/run/user/1000/.mutter-Xwaylandauth.R95R71'), ('LS_COLORS', 'rs=0:di=01;34:ln=01;36:mh=00:pi=40;33:so=01;35:do=01;35:bd=40;33;01:cd=40;33;01:or=40;31;01:mi=00:su=37;41:sg=30;43:ca=30;41:tw=30;42:ow=34;42:st=37;44:ex=01;32:*.tar=01;31:*.tgz=01;31:*.arc=01;31:*.arj=01;31:*.taz=01;31:*.lha=01;31:*.lz4=01;31:*.lzh=01;31:*.lzma=01;31:*.tlz=01;31:*.txz=01;31:*.tzo=01;31:*.t7z=01;31:*.zip=01;31:*.z=01;31:*.dz=01;31:*.gz=01;31:*.lrz=01;31:*.lz=01;31:*.lzo=01;31:*.xz=01;31:*.zst=01;31:*.tzst=01;31:*.bz2=01;31:*.bz=01;31:*.tbz=01;31:*.tbz2=01;31:*.tz=01;31:*.deb=01;31:*.rpm=01;31:*.jar=01;31:*.war=01;31:*.ear=01;31:*.sar=01;31:*.rar=01;31:*.alz=01;31:*.ace=01;31:*.zoo=01;31:*.cpio=01;31:*.7z=01;31:*.rz=01;31:*.cab=01;31:*.wim=01;31:*.swm=01;31:*.dwm=01;31:*.esd=01;31:*.jpg=01;35:*.jpeg=01;35:*.mjpg=01;35:*.mjpeg=01;35:*.gif=01;35:*.bmp=01;35:*.pbm=01;35:*.pgm=01;35:*.ppm=01;35:*.tga=01;35:*.xbm=01;35:*.xpm=01;35:*.tif=01;35:*.tiff=01;35:*.png=01;35:*.svg=01;35:*.svgz=01;35:*.mng=01;35:*.pcx=01;35:*.mov=01;35:*.mpg=01;35:*.mpeg=01;35:*.m2v=01;35:*.mkv=01;35:*.webm=01;35:*.webp=01;35:*.ogm=01;35:*.mp4=01;35:*.m4v=01;35:*.mp4v=01;35:*.vob=01;35:*.qt=01;35:*.nuv=01;35:*.wmv=01;35:*.asf=01;35:*.rm=01;35:*.rmvb=01;35:*.flc=01;35:*.avi=01;35:*.fli=01;35:*.flv=01;35:*.gl=01;35:*.dl=01;35:*.xcf=01;35:*.xwd=01;35:*.yuv=01;35:*.cgm=01;35:*.emf=01;35:*.ogv=01;35:*.ogx=01;35:*.aac=00;36:*.au=00;36:*.flac=00;36:*.m4a=00;36:*.mid=00;36:*.midi=00;36:*.mka=00;36:*.mp3=00;36:*.mpc=00;36:*.ogg=00;36:*.ra=00;36:*.wav=00;36:*.oga=00;36:*.opus=00;36:*.spx=00;36:*.xspf=00;36:'), ('GNOME_TERMINAL_SERVICE', ':1.152'), ('SSH_AGENT_LAUNCHER', 'gnome-keyring'), ('SSH_AUTH_SOCK', '/run/user/1000/keyring/ssh'), ('ROS_DOMAIN_ID', '13'), ('AMENT_PREFIX_PATH', '/home/htootayzaaung/ROS2/workspace/install/test:/opt/ros/humble'), ('CONDA_PYTHON_EXE', '/home/htootayzaaung/anaconda3/bin/python'), ('SHELL', '/bin/bash'), ('QT_ACCESSIBILITY', '1'), ('GDMSESSION', 'ubuntu'), ('LESSCLOSE', '/usr/bin/lesspipe %s %s'), ('CONDA_DEFAULT_ENV', 'base'), ('QT_IM_MODULE', 'ibus'), ('PWD', '/home/htootayzaaung/ROS2/workspace/build/test'), ('LC_ALL', 'en_US.UTF-8'), ('XDG_CONFIG_DIRS', '/etc/xdg/xdg-ubuntu:/etc/xdg'), ('CONDA_EXE', '/home/htootayzaaung/anaconda3/bin/conda'), ('XDG_DATA_DIRS', '/usr/share/ubuntu:/usr/local/share/:/usr/share/:/var/lib/snapd/desktop'), ('PYTHONPATH', '/opt/ros/humble/lib/python3.10/site-packages:/opt/ros/humble/local/lib/python3.10/dist-packages'), ('CONDA_PREFIX', '/home/htootayzaaung/anaconda3'), ('COLCON', '1'), ('VTE_VERSION', '6800'), ('CMAKE_PREFIX_PATH', '/home/htootayzaaung/ROS2/workspace/install/test:/opt/ros/humble')]), 'shell': False}
[0.076715] (test) StdoutLine: {'line': b'[ 50%] \x1b[32mBuilding CXX object CMakeFiles/talker.dir/src/publisher.cpp.o\x1b[0m\n'}
[0.100016] (-) TimerEvent: {}
[0.200542] (-) TimerEvent: {}
[0.300964] (-) TimerEvent: {}
[0.401332] (-) TimerEvent: {}
[0.501748] (-) TimerEvent: {}
[0.602177] (-) TimerEvent: {}
[0.702602] (-) TimerEvent: {}
[0.802988] (-) TimerEvent: {}
[0.903313] (-) TimerEvent: {}
[1.003672] (-) TimerEvent: {}
[1.104010] (-) TimerEvent: {}
[1.204407] (-) TimerEvent: {}
[1.304802] (-) TimerEvent: {}
[1.405179] (-) TimerEvent: {}
[1.505622] (-) TimerEvent: {}
[1.606110] (-) TimerEvent: {}
[1.706560] (-) TimerEvent: {}
[1.807085] (-) TimerEvent: {}
[1.907518] (-) TimerEvent: {}
[2.007887] (-) TimerEvent: {}
[2.108319] (-) TimerEvent: {}
[2.208744] (-) TimerEvent: {}
[2.309184] (-) TimerEvent: {}
[2.409642] (-) TimerEvent: {}
[2.510105] (-) TimerEvent: {}
[2.610591] (-) TimerEvent: {}
[2.711060] (-) TimerEvent: {}
[2.811525] (-) TimerEvent: {}
[2.911884] (-) TimerEvent: {}
[3.012388] (-) TimerEvent: {}
[3.112932] (-) TimerEvent: {}
[3.213465] (-) TimerEvent: {}
[3.313953] (-) TimerEvent: {}
[3.414375] (-) TimerEvent: {}
[3.487669] (test) StderrLine: {'line': b'\x1b[01m\x1b[K/home/htootayzaaung/ROS2/workspace/src/test/src/publisher.cpp:\x1b[m\x1b[K In constructor \xe2\x80\x98\x1b[01m\x1b[KMinimalPublisher::MinimalPublisher()\x1b[m\x1b[K\xe2\x80\x99:\n'}
[3.487932] (test) StderrLine: {'line': b'\x1b[01m\x1b[K/home/htootayzaaung/ROS2/workspace/src/test/src/publisher.cpp:13:53:\x1b[m\x1b[K \x1b[01;31m\x1b[Kerror: \x1b[m\x1b[Kclass \xe2\x80\x98\x1b[01m\x1b[KMinimalPublisher\x1b[m\x1b[K\xe2\x80\x99 does not have any field named \xe2\x80\x98\x1b[01m\x1b[Kcount\x1b[m\x1b[K\xe2\x80\x99\n'}
[3.488039] (test) StderrLine: {'line': b'   13 |     MinimalPublisher() : Node("minimal_publisher"), \x1b[01;31m\x1b[Kcount\x1b[m\x1b[K(0)\n'}
[3.488128] (test) StderrLine: {'line': b'      |                                                     \x1b[01;31m\x1b[K^~~~~\x1b[m\x1b[K\n'}
[3.514554] (-) TimerEvent: {}
[3.518183] (test) StderrLine: {'line': b'\x1b[01m\x1b[K/home/htootayzaaung/ROS2/workspace/src/test/src/publisher.cpp:\x1b[m\x1b[K In member function \xe2\x80\x98\x1b[01m\x1b[Kvoid MinimalPublisher::timer_callback()\x1b[m\x1b[K\xe2\x80\x99:\n'}
[3.518426] (test) StderrLine: {'line': b'\x1b[01m\x1b[K/home/htootayzaaung/ROS2/workspace/src/test/src/publisher.cpp:23:53:\x1b[m\x1b[K \x1b[01;31m\x1b[Kerror: \x1b[m\x1b[K\xe2\x80\x98\x1b[01m\x1b[Kcount\x1b[m\x1b[K\xe2\x80\x99 was not declared in this scope; did you mean \xe2\x80\x98\x1b[01m\x1b[Kstd::count\x1b[m\x1b[K\xe2\x80\x99?\n'}
[3.518540] (test) StderrLine: {'line': b'   23 |         msg.data = "Hello World! " + std::to_string(\x1b[01;31m\x1b[Kcount\x1b[m\x1b[K++);\n'}
[3.518641] (test) StderrLine: {'line': b'      |                                                     \x1b[01;31m\x1b[K^~~~~\x1b[m\x1b[K\n'}
[3.518739] (test) StderrLine: {'line': b'      |                                                     \x1b[32m\x1b[Kstd::count\x1b[m\x1b[K\n'}
[3.518834] (test) StderrLine: {'line': b'In file included from \x1b[01m\x1b[K/usr/include/c++/11/algorithm:74\x1b[m\x1b[K,\n'}
[3.518928] (test) StderrLine: {'line': b'                 from \x1b[01m\x1b[K/opt/ros/humble/include/rclcpp/rclcpp/executor.hpp:18\x1b[m\x1b[K,\n'}
[3.519042] (test) StderrLine: {'line': b'                 from \x1b[01m\x1b[K/opt/ros/humble/include/rclcpp/rclcpp/executors/multi_threaded_executor.hpp:25\x1b[m\x1b[K,\n'}
[3.519138] (test) StderrLine: {'line': b'                 from \x1b[01m\x1b[K/opt/ros/humble/include/rclcpp/rclcpp/executors.hpp:21\x1b[m\x1b[K,\n'}
[3.519247] (test) StderrLine: {'line': b'                 from \x1b[01m\x1b[K/opt/ros/humble/include/rclcpp/rclcpp/rclcpp.hpp:155\x1b[m\x1b[K,\n'}
[3.519340] (test) StderrLine: {'line': b'                 from \x1b[01m\x1b[K/home/htootayzaaung/ROS2/workspace/src/test/src/publisher.cpp:5\x1b[m\x1b[K:\n'}
[3.519433] (test) StderrLine: {'line': b'\x1b[01m\x1b[K/usr/include/c++/11/pstl/glue_algorithm_defs.h:101:1:\x1b[m\x1b[K \x1b[01;36m\x1b[Knote: \x1b[m\x1b[K\xe2\x80\x98\x1b[01m\x1b[Kstd::count\x1b[m\x1b[K\xe2\x80\x99 declared here\n'}
[3.519526] (test) StderrLine: {'line': b'  101 | \x1b[01;36m\x1b[Kcount\x1b[m\x1b[K(_ExecutionPolicy&& __exec, _ForwardIterator __first, _ForwardIterator __last, const _Tp& __value);\n'}
[3.519619] (test) StderrLine: {'line': b'      | \x1b[01;36m\x1b[K^~~~~\x1b[m\x1b[K\n'}
[3.614706] (-) TimerEvent: {}
[3.715144] (-) TimerEvent: {}
[3.815619] (-) TimerEvent: {}
[3.915997] (-) TimerEvent: {}
[4.016433] (-) TimerEvent: {}
[4.116826] (-) TimerEvent: {}
[4.217238] (-) TimerEvent: {}
[4.317689] (-) TimerEvent: {}
[4.418097] (-) TimerEvent: {}
[4.518491] (-) TimerEvent: {}
[4.618884] (-) TimerEvent: {}
[4.719320] (-) TimerEvent: {}
[4.815662] (test) StderrLine: {'line': b'gmake[2]: *** [CMakeFiles/talker.dir/build.make:76: CMakeFiles/talker.dir/src/publisher.cpp.o] Error 1\n'}
[4.816031] (test) StderrLine: {'line': b'gmake[1]: *** [CMakeFiles/Makefile2:137: CMakeFiles/talker.dir/all] Error 2\n'}
[4.816346] (test) StderrLine: {'line': b'gmake: *** [Makefile:146: all] Error 2\n'}
[4.818776] (test) CommandEnded: {'returncode': 2}
[4.819409] (-) TimerEvent: {}
[4.868994] (test) JobEnded: {'identifier': 'test', 'rc': 2}
[4.879782] (-) EventReactorShutdown: {}
