[35m[1mConsolidate compiler generated dependencies of target talker2[0m
[ 33%] Built target talker
[ 66%] Built target listener
[ 83%] [32mBuilding CXX object CMakeFiles/talker2.dir/src/pub_custom.cpp.o[0m
[01m[K/home/htootayzaaung/ROS2/workspace/src/test/src/pub_custom.cpp:[m[K In member function â€˜[01m[Kvoid MinimalPublisher::timer_callback()[m[Kâ€™:
[01m[K/home/htootayzaaung/ROS2/workspace/src/test/src/pub_custom.cpp:23:13:[m[K [01;31m[Kerror: [m[Kâ€˜[01m[Kstruct tutorial_interfaces::msg::Num_<std::allocator<void> >[m[Kâ€™ has no member named â€˜[01m[Kdata[m[Kâ€™
   23 |         msg.[01;31m[Kdata[m[K = this->count_++;
      |             [01;31m[K^~~~[m[K
gmake[2]: *** [CMakeFiles/talker2.dir/build.make:76: CMakeFiles/talker2.dir/src/pub_custom.cpp.o] Error 1
gmake[1]: *** [CMakeFiles/Makefile2:193: CMakeFiles/talker2.dir/all] Error 2
gmake: *** [Makefile:146: all] Error 2
