[0.018s] Invoking command in '/home/htootayzaaung/ROS2/workspace/build/test': CMAKE_PREFIX_PATH=${CMAKE_PREFIX_PATH}:/opt/ros/humble CONDA_PROMPT_MODIFIER=(base) /usr/bin/cmake --build /home/htootayzaaung/ROS2/workspace/build/test -- -j8 -l8
[0.075s] [ 50%] [32mBuilding CXX object CMakeFiles/talker.dir/src/publisher.cpp.o[0m
[3.486s] [01m[K/home/htootayzaaung/ROS2/workspace/src/test/src/publisher.cpp:[m[K In constructor â€˜[01m[KMinimalPublisher::MinimalPublisher()[m[Kâ€™:
[3.486s] [01m[K/home/htootayzaaung/ROS2/workspace/src/test/src/publisher.cpp:13:53:[m[K [01;31m[Kerror: [m[Kclass â€˜[01m[KMinimalPublisher[m[Kâ€™ does not have any field named â€˜[01m[Kcount[m[Kâ€™
[3.486s]    13 |     MinimalPublisher() : Node("minimal_publisher"), [01;31m[Kcount[m[K(0)
[3.487s]       |                                                     [01;31m[K^~~~~[m[K
[3.517s] [01m[K/home/htootayzaaung/ROS2/workspace/src/test/src/publisher.cpp:[m[K In member function â€˜[01m[Kvoid MinimalPublisher::timer_callback()[m[Kâ€™:
[3.517s] [01m[K/home/htootayzaaung/ROS2/workspace/src/test/src/publisher.cpp:23:53:[m[K [01;31m[Kerror: [m[Kâ€˜[01m[Kcount[m[Kâ€™ was not declared in this scope; did you mean â€˜[01m[Kstd::count[m[Kâ€™?
[3.517s]    23 |         msg.data = "Hello World! " + std::to_string([01;31m[Kcount[m[K++);
[3.517s]       |                                                     [01;31m[K^~~~~[m[K
[3.517s]       |                                                     [32m[Kstd::count[m[K
[3.517s] In file included from [01m[K/usr/include/c++/11/algorithm:74[m[K,
[3.517s]                  from [01m[K/opt/ros/humble/include/rclcpp/rclcpp/executor.hpp:18[m[K,
[3.517s]                  from [01m[K/opt/ros/humble/include/rclcpp/rclcpp/executors/multi_threaded_executor.hpp:25[m[K,
[3.518s]                  from [01m[K/opt/ros/humble/include/rclcpp/rclcpp/executors.hpp:21[m[K,
[3.518s]                  from [01m[K/opt/ros/humble/include/rclcpp/rclcpp/rclcpp.hpp:155[m[K,
[3.518s]                  from [01m[K/home/htootayzaaung/ROS2/workspace/src/test/src/publisher.cpp:5[m[K:
[3.518s] [01m[K/usr/include/c++/11/pstl/glue_algorithm_defs.h:101:1:[m[K [01;36m[Knote: [m[Kâ€˜[01m[Kstd::count[m[Kâ€™ declared here
[3.518s]   101 | [01;36m[Kcount[m[K(_ExecutionPolicy&& __exec, _ForwardIterator __first, _ForwardIterator __last, const _Tp& __value);
[3.518s]       | [01;36m[K^~~~~[m[K
[4.814s] gmake[2]: *** [CMakeFiles/talker.dir/build.make:76: CMakeFiles/talker.dir/src/publisher.cpp.o] Error 1
[4.814s] gmake[1]: *** [CMakeFiles/Makefile2:137: CMakeFiles/talker.dir/all] Error 2
[4.815s] gmake: *** [Makefile:146: all] Error 2
[4.817s] Invoked command in '/home/htootayzaaung/ROS2/workspace/build/test' returned '2': CMAKE_PREFIX_PATH=${CMAKE_PREFIX_PATH}:/opt/ros/humble CONDA_PROMPT_MODIFIER=(base) /usr/bin/cmake --build /home/htootayzaaung/ROS2/workspace/build/test -- -j8 -l8
